\BOOKMARK [0][-]{chapter.1}{Project Management and Planning}{}% 1
\BOOKMARK [1][-]{section.1.1}{Report structure}{chapter.1}% 2
\BOOKMARK [1][-]{section.1.2}{Aim}{chapter.1}% 3
\BOOKMARK [1][-]{section.1.3}{Objectives}{chapter.1}% 4
\BOOKMARK [1][-]{section.1.4}{Deliverables}{chapter.1}% 5
\BOOKMARK [1][-]{section.1.5}{Schedule}{chapter.1}% 6
\BOOKMARK [0][-]{chapter.2}{Background}{}% 7
\BOOKMARK [1][-]{section.2.1}{Gaussian Process Model}{chapter.2}% 8
\BOOKMARK [2][-]{subsection.2.1.1}{Brief}{section.2.1}% 9
\BOOKMARK [2][-]{subsection.2.1.2}{Gaussian Process}{section.2.1}% 10
\BOOKMARK [2][-]{subsection.2.1.3}{Kernel Function}{section.2.1}% 11
\BOOKMARK [2][-]{subsection.2.1.4}{Gaussian Process Regression}{section.2.1}% 12
\BOOKMARK [1][-]{section.2.2}{Bayesian Optimization}{chapter.2}% 13
\BOOKMARK [2][-]{subsection.2.2.1}{Brief}{section.2.2}% 14
\BOOKMARK [2][-]{subsection.2.2.2}{Surrogate Model}{section.2.2}% 15
\BOOKMARK [2][-]{subsection.2.2.3}{Acquisition Function}{section.2.2}% 16
\BOOKMARK [2][-]{subsection.2.2.4}{Process}{section.2.2}% 17
\BOOKMARK [2][-]{subsection.2.2.5}{Useful Conditions}{section.2.2}% 18
\BOOKMARK [1][-]{section.2.3}{Batched Bayesian Optimization}{chapter.2}% 19
\BOOKMARK [0][-]{chapter.3}{Experimental Design}{}% 20
\BOOKMARK [1][-]{section.3.1}{Improving Reliability}{chapter.3}% 21
\BOOKMARK [1][-]{section.3.2}{Experiment Process}{chapter.3}% 22
\BOOKMARK [0][-]{chapter.4}{Multi-Model Expected Improvement}{}% 23
\BOOKMARK [1][-]{section.4.1}{Method}{chapter.4}% 24
\BOOKMARK [1][-]{section.4.2}{Experiment 1.1}{chapter.4}% 25
\BOOKMARK [1][-]{section.4.3}{Experiment 1.2 and 1.3}{chapter.4}% 26
\BOOKMARK [1][-]{section.4.4}{Conclusion of Experiment 1}{chapter.4}% 27
\BOOKMARK [0][-]{chapter.5}{Kriging Believer}{}% 28
\BOOKMARK [1][-]{section.5.1}{Method}{chapter.5}% 29
\BOOKMARK [1][-]{section.5.2}{Experiment}{chapter.5}% 30
\BOOKMARK [1][-]{section.5.3}{Conclusion}{chapter.5}% 31
\BOOKMARK [0][-]{chapter.6}{Constant Liar}{}% 32
\BOOKMARK [1][-]{section.6.1}{Method}{chapter.6}% 33
\BOOKMARK [1][-]{section.6.2}{Experiments}{chapter.6}% 34
\BOOKMARK [1][-]{section.6.3}{Conclusion}{chapter.6}% 35
\BOOKMARK [0][-]{chapter.7}{Self Appraisal}{}% 36
\BOOKMARK [1][-]{section.7.1}{Timeline}{chapter.7}% 37
\BOOKMARK [1][-]{section.7.2}{Obstacles}{chapter.7}% 38
\BOOKMARK [0][-]{section.7.2}{References}{}% 39
\BOOKMARK [0][-]{section*.3}{Appendices}{}% 40
\BOOKMARK [0][-]{Appendix.1.A}{External Deliverable}{}% 41
\BOOKMARK [0][-]{Appendix.1.B}{Learning Material}{}% 42
